\BOOKMARK [1][-]{section.1}{\376\377\000E\000i\000n\000l\000e\000i\000t\000u\000n\000g}{}% 1
\BOOKMARK [1][-]{section.2}{\376\377\000A\000r\000b\000e\000i\000t\000s\000p\000r\000o\000t\000o\000k\000o\000l\000l}{}% 2
\BOOKMARK [2][-]{subsection.2.1}{\376\377\0001\0001\000.\0001\0001\000.\0002\0000\0002\0005}{section.2}% 3
\BOOKMARK [3][-]{subsubsection.2.1.1}{\376\377\000Z\000i\000e\000l}{subsection.2.1}% 4
\BOOKMARK [3][-]{subsubsection.2.1.2}{\376\377\000D\000u\000r\000c\000h\000g\000e\000f\000\374\000h\000r\000t\000e\000\040\000A\000r\000b\000e\000i\000t\000e\000n}{subsection.2.1}% 5
\BOOKMARK [3][-]{subsubsection.2.1.3}{\376\377\000A\000u\000f\000g\000e\000t\000r\000e\000t\000e\000n\000e\000\040\000P\000r\000o\000b\000l\000e\000m\000e}{subsection.2.1}% 6
\BOOKMARK [3][-]{subsubsection.2.1.4}{\376\377\000L\000\366\000s\000u\000n\000g\000e\000n}{subsection.2.1}% 7
\BOOKMARK [3][-]{subsubsection.2.1.5}{\376\377\000N\000\344\000c\000h\000s\000t\000e\000\040\000S\000c\000h\000r\000i\000t\000t\000e}{subsection.2.1}% 8
\BOOKMARK [2][-]{subsection.2.2}{\376\377\0001\0008\000.\0001\0001\000.\0002\0000\0002\0005}{section.2}% 9
\BOOKMARK [3][-]{subsubsection.2.2.1}{\376\377\000Z\000i\000e\000l}{subsection.2.2}% 10
\BOOKMARK [3][-]{subsubsection.2.2.2}{\376\377\000D\000u\000r\000c\000h\000g\000e\000f\000\374\000h\000r\000t\000e\000\040\000A\000r\000b\000e\000i\000t\000e\000n}{subsection.2.2}% 11
\BOOKMARK [3][-]{subsubsection.2.2.3}{\376\377\000A\000u\000f\000g\000e\000t\000r\000e\000t\000e\000n\000e\000\040\000P\000r\000o\000b\000l\000e\000m\000e}{subsection.2.2}% 12
\BOOKMARK [3][-]{subsubsection.2.2.4}{\376\377\000L\000\366\000s\000u\000n\000g\000e\000n}{subsection.2.2}% 13
\BOOKMARK [3][-]{subsubsection.2.2.5}{\376\377\000N\000\344\000c\000h\000s\000t\000e\000\040\000S\000c\000h\000r\000i\000t\000t\000e}{subsection.2.2}% 14
\BOOKMARK [2][-]{subsection.2.3}{\376\377\0002\0005\000.\0001\0001\000.\0002\0000\0002\0005}{section.2}% 15
\BOOKMARK [3][-]{subsubsection.2.3.1}{\376\377\000Z\000i\000e\000l}{subsection.2.3}% 16
\BOOKMARK [3][-]{subsubsection.2.3.2}{\376\377\000D\000u\000r\000c\000h\000g\000e\000f\000\374\000h\000r\000t\000e\000\040\000A\000r\000b\000e\000i\000t\000e\000n}{subsection.2.3}% 17
\BOOKMARK [3][-]{subsubsection.2.3.3}{\376\377\000A\000u\000f\000g\000e\000t\000r\000e\000t\000e\000n\000e\000\040\000P\000r\000o\000b\000l\000e\000m\000e}{subsection.2.3}% 18
\BOOKMARK [3][-]{subsubsection.2.3.4}{\376\377\000L\000\366\000s\000u\000n\000g\000e\000n}{subsection.2.3}% 19
\BOOKMARK [3][-]{subsubsection.2.3.5}{\376\377\000N\000\344\000c\000h\000s\000t\000e\000\040\000S\000c\000h\000r\000i\000t\000t\000e}{subsection.2.3}% 20
